{
  "RSpec": {
    "coverage": {
      "/Users/noah/Work/projects/partial-compiler/lib/partial_compiler.rb": [
        1,
        1,
        1,
        null,
        null,
        null,
        null,
        null,
        null,
        null,
        null,
        1,
        null,
        1,
        2,
        null,
        null,
        1,
        72,
        null,
        null,
        null,
        1,
        1,
        1,
        1
      ],
      "/Users/noah/Work/projects/partial-compiler/lib/partial_compiler/railtie.rb": [
        null,
        1,
        null,
        1,
        1,
        1,
        null,
        1,
        0,
        null,
        null,
        null,
        null
      ],
      "/Users/noah/Work/projects/partial-compiler/lib/partial_compiler/plugin.rb": [
        1,
        1,
        1,
        2,
        2,
        2,
        1,
        null,
        null,
        null,
        null,
        1,
        null,
        null,
        null,
        null,
        1,
        2,
        null,
        null,
        null
      ],
      "/Users/noah/Work/projects/partial-compiler/lib/partial_compiler/file_copier.rb": [
        1,
        null,
        1,
        1,
        1,
        2,
        2,
        14,
        14,
        null,
        2,
        null,
        null,
        1,
        null,
        1,
        2,
        2,
        2,
        56,
        null,
        null,
        null,
        1,
        14,
        14,
        14,
        null,
        null,
        null,
        null
      ],
      "/Users/noah/Work/projects/partial-compiler/lib/partial_compiler/partial_reader.rb": [
        1,
        1,
        null,
        1,
        1,
        1,
        null,
        null,
        null,
        null,
        null,
        null,
        1,
        16,
        16,
        16,
        16,
        16,
        null,
        null,
        1,
        null,
        1,
        16,
        null,
        null,
        null,
        null,
        null,
        16,
        null,
        null,
        1,
        null,
        16,
        16,
        16,
        null,
        16,
        4,
        4,
        null,
        null,
        null,
        1,
        16,
        null,
        null,
        1,
        16,
        14,
        14,
        14,
        null,
        null,
        null,
        null,
        null,
        1,
        14,
        null,
        null,
        1,
        null,
        186,
        22,
        null,
        null,
        null,
        null
      ],
      "/Users/noah/Work/projects/partial-compiler/lib/partial_compiler/compiler.rb": [
        1,
        null,
        1,
        1,
        1,
        null,
        1,
        2,
        2,
        14,
        null,
        null,
        null,
        1,
        null,
        1,
        14,
        14,
        14,
        48,
        null,
        14,
        28,
        null,
        null,
        1,
        48,
        16,
        16,
        14,
        14,
        14,
        null,
        null,
        34,
        null,
        null,
        1,
        14,
        12,
        4,
        null,
        null,
        null,
        null,
        null,
        1,
        8,
        8,
        null,
        null,
        null,
        null
      ],
      "/Users/noah/Work/projects/partial-compiler/lib/partial_compiler/version.rb": [
        0,
        0,
        0,
        0,
        0
      ]
    },
    "timestamp": 1488244937
  }
}
